<?xml version="1.0" encoding="UTF-8"?>
<!-- Generated by org.testng.reporters.JUnitXMLReporter -->
<testsuite ignored="0" hostname="DESKTOP-8524L67" failures="0" tests="8" name="Default test" time="37.138" errors="0" timestamp="2026-05-06T18:57:31 IST">
  <testcase classname="flipkart.ElectronicsTest" name="searchLaptop" time="8.809"/>
  <testcase classname="flipkart.ElectronicsTest" name="applyFilter" time="4.96"/>
  <testcase classname="flipkart.ElectronicsTest" name="openProduct" time="2.429"/>
  <testcase classname="flipkart.ElectronicsTest" name="switchWindow" time="5.081"/>
  <testcase classname="flipkart.ElectronicsTest" name="closeBrowserTab" time="0.153"/>
  <testcase classname="flipkart.ElectronicsTest" name="searchAgain" time="2.971"/>
  <testcase classname="flipkart.ElectronicsTest" name="waitExample" time="2.023"/>
  <testcase classname="flipkart.ElectronicsTest" name="scrollDown" time="0.058"/>
</testsuite> <!-- Default test -->
