<?xml version="1.0" encoding="UTF-8"?>
<!-- Generated by org.testng.reporters.JUnitReportReporter -->
<testsuite hostname="DESKTOP-8524L67" failures="0" tests="7" name="flipkart.FashionTest" time="10.708" errors="0" timestamp="2026-05-06T18:59:36 IST" skipped="0">
  <testcase classname="flipkart.FashionTest" name="hoverMenu" time="0.981"/>
  <testcase classname="flipkart.FashionTest" name="searchFashion" time="4.510"/>
  <testcase classname="flipkart.FashionTest" name="searchItem" time="2.670"/>
  <testcase classname="flipkart.FashionTest" name="DscrollPage" time="1.048"/>
  <testcase classname="flipkart.FashionTest" name="switchTab" time="1.073"/>
  <testcase classname="flipkart.FashionTest" name="explicitWaitExample" time="0.068"/>
  <testcase classname="flipkart.FashionTest" name="clickFirstProduct" time="0.358"/>
</testsuite> <!-- flipkart.FashionTest -->
