<?xml version="1.0" encoding="UTF-8"?>
<!-- Generated by org.testng.reporters.JUnitReportReporter -->
<testsuite hostname="DESKTOP-8524L67" failures="0" tests="7" name="travel.FlightTest" time="13.399" errors="0" timestamp="2026-05-06T18:59:36 IST" skipped="0">
  <testcase classname="travel.FlightTest" name="waitFlights" time="2.042"/>
  <testcase classname="travel.FlightTest" name="clickSearch" time="0.374"/>
  <testcase classname="travel.FlightTest" name="selectSource" time="3.079"/>
  <testcase classname="travel.FlightTest" name="searchFlight" time="4.590"/>
  <testcase classname="travel.FlightTest" name="selectDate" time="0.702"/>
  <testcase classname="travel.FlightTest" name="scrollFlights" time="0.024"/>
  <testcase classname="travel.FlightTest" name="selectDestination" time="2.588"/>
</testsuite> <!-- travel.FlightTest -->
