<?xml version="1.0" encoding="UTF-8"?>
<!-- Generated by org.testng.reporters.JUnitReportReporter -->
<testsuite hostname="DESKTOP-8524L67" failures="0" tests="8" name="flipkart.ElectronicsTest" time="24.481" errors="0" timestamp="2026-05-06T18:59:36 IST" skipped="0">
  <testcase classname="flipkart.ElectronicsTest" name="closeBrowserTab" time="0.154"/>
  <testcase classname="flipkart.ElectronicsTest" name="searchAgain" time="2.410"/>
  <testcase classname="flipkart.ElectronicsTest" name="openProduct" time="2.436"/>
  <testcase classname="flipkart.ElectronicsTest" name="switchWindow" time="5.682"/>
  <testcase classname="flipkart.ElectronicsTest" name="applyFilter" time="4.858"/>
  <testcase classname="flipkart.ElectronicsTest" name="searchLaptop" time="6.895"/>
  <testcase classname="flipkart.ElectronicsTest" name="waitExample" time="2.019"/>
  <testcase classname="flipkart.ElectronicsTest" name="scrollDown" time="0.027"/>
</testsuite> <!-- flipkart.ElectronicsTest -->
