<?xml version="1.0" encoding="UTF-8"?>
<!-- Generated by org.testng.reporters.JUnitXMLReporter -->
<testsuite ignored="0" hostname="DESKTOP-8524L67" failures="0" tests="7" name="Regression Tests" time="22.898" errors="0" timestamp="2026-05-06T18:59:35 IST">
  <testcase classname="travel.FlightTest" name="searchFlight" time="4.59"/>
  <testcase classname="travel.FlightTest" name="selectSource" time="3.079"/>
  <testcase classname="travel.FlightTest" name="selectDestination" time="2.588"/>
  <testcase classname="travel.FlightTest" name="selectDate" time="0.702"/>
  <testcase classname="travel.FlightTest" name="clickSearch" time="0.374"/>
  <testcase classname="travel.FlightTest" name="waitFlights" time="2.042"/>
  <testcase classname="travel.FlightTest" name="scrollFlights" time="0.024"/>
</testsuite> <!-- Regression Tests -->
