<?xml version="1.0" encoding="UTF-8"?>
<!-- Generated by org.testng.reporters.JUnitXMLReporter -->
<testsuite ignored="0" hostname="DESKTOP-8524L67" failures="0" tests="15" name="Smoke Tests" time="55.957" errors="0" timestamp="2026-05-06T18:59:12 IST">
  <testcase classname="flipkart.FashionTest" name="hoverMenu" time="0.981"/>
  <testcase classname="flipkart.FashionTest" name="DscrollPage" time="1.048"/>
  <testcase classname="flipkart.FashionTest" name="explicitWaitExample" time="0.068"/>
  <testcase classname="flipkart.FashionTest" name="searchItem" time="2.67"/>
  <testcase classname="flipkart.FashionTest" name="searchFashion" time="4.51"/>
  <testcase classname="flipkart.FashionTest" name="clickFirstProduct" time="0.358"/>
  <testcase classname="flipkart.FashionTest" name="switchTab" time="1.073"/>
  <testcase classname="flipkart.ElectronicsTest" name="searchLaptop" time="6.895"/>
  <testcase classname="flipkart.ElectronicsTest" name="applyFilter" time="4.858"/>
  <testcase classname="flipkart.ElectronicsTest" name="openProduct" time="2.436"/>
  <testcase classname="flipkart.ElectronicsTest" name="switchWindow" time="5.682"/>
  <testcase classname="flipkart.ElectronicsTest" name="closeBrowserTab" time="0.154"/>
  <testcase classname="flipkart.ElectronicsTest" name="searchAgain" time="2.41"/>
  <testcase classname="flipkart.ElectronicsTest" name="waitExample" time="2.019"/>
  <testcase classname="flipkart.ElectronicsTest" name="scrollDown" time="0.027"/>
</testsuite> <!-- Smoke Tests -->
